\BOOKMARK [0][-]{chapter.1}{\376\377\000I\000n\000t\000r\000o\000d\000u\000c\000t\000i\000o\000n}{}% 1
\BOOKMARK [1][-]{section.1.1}{\376\377\000C\000o\000n\000t\000e\000x\000t}{chapter.1}% 2
\BOOKMARK [1][-]{section.1.2}{\376\377\000P\000r\000o\000j\000e\000c\000t\000\040\000O\000b\000j\000e\000c\000t\000i\000v\000e\000s}{chapter.1}% 3
\BOOKMARK [1][-]{section.1.3}{\376\377\000D\000i\000s\000s\000e\000r\000t\000a\000t\000i\000o\000n\000\040\000F\000o\000c\000u\000s}{chapter.1}% 4
\BOOKMARK [1][-]{section.1.4}{\376\377\000S\000u\000c\000c\000e\000s\000s\000\040\000M\000e\000t\000r\000i\000c\000s}{chapter.1}% 5
\BOOKMARK [1][-]{section.1.5}{\376\377\000C\000h\000a\000p\000t\000e\000r\000s\000\040\000O\000v\000e\000r\000v\000i\000e\000w}{chapter.1}% 6
\BOOKMARK [0][-]{chapter.2}{\376\377\000M\000e\000t\000h\000o\000d\000o\000l\000o\000g\000y}{}% 7
\BOOKMARK [1][-]{section.2.1}{\376\377\000D\000e\000v\000e\000l\000o\000p\000m\000e\000n\000t}{chapter.2}% 8
\BOOKMARK [2][-]{subsection.2.1.1}{\376\377\000E\000a\000r\000l\000y\000\040\000D\000e\000v\000e\000l\000o\000p\000m\000e\000n\000t\000\040\000\046\000\040\000S\000e\000t\000\040\000U\000p}{section.2.1}% 9
\BOOKMARK [2][-]{subsection.2.1.2}{\376\377\000G\000i\000t\000h\000u\000b\000\040\000B\000o\000a\000r\000d}{section.2.1}% 10
\BOOKMARK [1][-]{section.2.2}{\376\377\000R\000e\000s\000e\000a\000r\000c\000h}{chapter.2}% 11
\BOOKMARK [2][-]{subsection.2.2.1}{}{section.2.2}% 12
\BOOKMARK [0][-]{chapter.3}{\376\377\000T\000e\000c\000h\000n\000o\000l\000o\000g\000y\000\040\000R\000e\000v\000i\000e\000w}{}% 13
\BOOKMARK [1][-]{section.3.1}{\376\377\000L\000i\000t\000e\000r\000a\000t\000u\000r\000e\000\040\000R\000e\000v\000i\000e\000w}{chapter.3}% 14
\BOOKMARK [0][-]{chapter.4}{\376\377\000S\000y\000s\000t\000e\000m\000\040\000D\000e\000s\000i\000g\000n}{}% 15
\BOOKMARK [1][-]{section.4.1}{\376\377\000M\000u\000l\000t\000i\000\040\000T\000e\000n\000a\000n\000t\000\040\000A\000r\000c\000h\000i\000t\000e\000c\000t\000u\000r\000e}{chapter.4}% 16
\BOOKMARK [2][-]{subsection.4.1.1}{\376\377\000M\000i\000g\000r\000a\000t\000i\000o\000n}{section.4.1}% 17
\BOOKMARK [2][-]{subsection.4.1.2}{\376\377\000S\000e\000c\000u\000r\000i\000t\000y\000\040\000C\000o\000n\000c\000e\000r\000n\000s}{section.4.1}% 18
\BOOKMARK [2][-]{subsection.4.1.3}{\376\377\000D\000a\000t\000a\000\040\000I\000s\000o\000l\000a\000t\000i\000o\000n}{section.4.1}% 19
\BOOKMARK [2][-]{subsection.4.1.4}{\376\377\000D\000a\000t\000a\000b\000a\000s\000e\000\040\000O\000p\000t\000i\000m\000i\000s\000a\000t\000i\000o\000n}{section.4.1}% 20
\BOOKMARK [1][-]{section.4.2}{\376\377\000B\000u\000s\000i\000n\000e\000s\000s\000\040\000R\000e\000q\000u\000i\000r\000e\000m\000e\000n\000t\000s}{chapter.4}% 21
\BOOKMARK [2][-]{subsection.4.2.1}{\376\377\000P\000r\000e\000v\000e\000n\000t\000i\000n\000g\000\040\000R\000a\000c\000e\000\040\000C\000o\000n\000d\000i\000t\000i\000o\000n\000s}{section.4.2}% 22
\BOOKMARK [2][-]{subsection.4.2.2}{\376\377\000P\000r\000o\000c\000e\000s\000s\000i\000n\000g\000\040\000P\000a\000y\000m\000e\000n\000t\000s}{section.4.2}% 23
\BOOKMARK [0][-]{chapter.5}{\376\377\000S\000y\000s\000t\000e\000m\000\040\000E\000v\000a\000l\000u\000a\000t\000i\000o\000n}{}% 24
\BOOKMARK [1][-]{section.5.1}{\376\377\000P\000e\000r\000f\000o\000r\000m\000a\000n\000c\000e}{chapter.5}% 25
\BOOKMARK [2][-]{subsection.5.1.1}{\376\377\000B\000e\000n\000c\000h\000m\000a\000r\000k\000s}{section.5.1}% 26
\BOOKMARK [1][-]{section.5.2}{\376\377\000S\000e\000c\000u\000r\000i\000t\000y}{chapter.5}% 27
\BOOKMARK [2][-]{subsection.5.2.1}{\376\377\000S\000e\000c\000u\000r\000i\000t\000y\000\040\000T\000e\000s\000t\000i\000n\000g}{section.5.2}% 28
\BOOKMARK [0][-]{chapter.6}{\376\377\000C\000o\000n\000c\000l\000u\000s\000i\000o\000n}{}% 29
